Arguments: 
  C:\Program Files\nodejs\node.exe C:\Users\jalk\AppData\Roaming\npm\node_modules\yarn\bin\yarn.js build

PATH: 
  C:\Program Files (x86)\Common Files\Intel\Shared Libraries\redist\intel64_win\compiler;C:\Program Files\Oculus\Support\oculus-runtime;C:\Program Files (x86)\Razer Chroma SDK\bin;C:\Program Files\Razer Chroma SDK\bin;C:\Program Files (x86)\NVIDIA Corporation\PhysX\Common;C:\WINDOWS\system32;C:\WINDOWS;C:\WINDOWS\System32\Wbem;C:\WINDOWS\System32\WindowsPowerShell\v1.0\;C:\Program Files\Common Files\Autodesk Shared\;C:\Program Files\Git\cmd;C:\Users\jalk\AppData\Local\Microsoft\WindowsApps;C:\Users\jalk\AppData\Roaming\npm;C:\Program Files\nodejs\;C:\Program Files (x86)\Autodesk\Backburner\;C:\WINDOWS\system32;C:\WINDOWS;C:\WINDOWS\System32\Wbem;C:\WINDOWS\System32\WindowsPowerShell\v1.0\;C:\Program Files (x86)\Windows Kits\8.1\Windows Performance Toolkit\;C:\Users\jalk\AppData\Local\Microsoft\WindowsApps;C:\Users\jalk\AppData\Roaming\npm;C:\Python27;C:\Python27\Lib\site-packages;C:\Python27\Scripts;

Yarn version: 
  1.5.1

Node version: 
  6.11.0

Platform: 
  win32 x64

npm manifest: 
  {
    "name": "portfolio-react",
    "version": "0.1.0",
    "private": true,
    "dependencies": {
      "@tweenjs/tween.js": "16.7.0",
      "babel-plugin-transform-decorators-legacy": "^1.3.4",
      "lodash": "^4.17.4",
      "mobx": "^3.1.14",
      "mobx-react": "^4.2.1",
      "oimo": "^1.0.9",
      "react": "15.6.1",
      "react-dom": "15.6.1",
      "react-motion": "^0.5.0",
      "react-stats": "0.0.5",
      "react-three-renderer": "3.2.4",
      "three": "0.86.0"
    },
    "devDependencies": {
      "custom-react-scripts": "0.0.23"
    },
    "scripts": {
      "start": "react-scripts start",
      "build": "react-scripts build",
      "test": "react-scripts test --env=jsdom",
      "eject": "react-scripts eject"
    }
  }

yarn manifest: 
  No manifest

Lockfile: 
  No lockfile

Trace: 
  Error: Command failed.
  Exit code: 1
  Command: C:\WINDOWS\system32\cmd.exe
  Arguments: /d /s /c react-scripts build
  Directory: C:\Users\jalk\portfolio-react
  Output:
  
      at ProcessTermError.Error (native)
      at ProcessTermError.MessageError (C:\Users\jalk\AppData\Roaming\npm\node_modules\yarn\lib\cli.js:186:110)
      at new ProcessTermError (C:\Users\jalk\AppData\Roaming\npm\node_modules\yarn\lib\cli.js:226:113)
      at ChildProcess.<anonymous> (C:\Users\jalk\AppData\Roaming\npm\node_modules\yarn\lib\cli.js:30281:17)
      at emitTwo (events.js:106:13)
      at ChildProcess.emit (events.js:191:7)
      at maybeClose (internal/child_process.js:891:16)
      at Process.ChildProcess._handle.onexit (internal/child_process.js:226:5)
